[INFO ] 2017-12-22 14:21:22,975 method:org.springframework.test.context.support.AbstractTestContextBootstrapper.getDefaultTestExecutionListenerClassNames(AbstractTestContextBootstrapper.java:256)
Loaded default TestExecutionListener class names from location [META-INF/spring.factories]: [org.springframework.test.context.web.ServletTestExecutionListener, org.springframework.test.context.support.DependencyInjectionTestExecutionListener, org.springframework.test.context.support.DirtiesContextTestExecutionListener, org.springframework.test.context.transaction.TransactionalTestExecutionListener, org.springframework.test.context.jdbc.SqlScriptsTestExecutionListener]
[INFO ] 2017-12-22 14:21:23,003 method:org.springframework.test.context.support.AbstractTestContextBootstrapper.instantiateListeners(AbstractTestContextBootstrapper.java:204)
Could not instantiate TestExecutionListener [org.springframework.test.context.web.ServletTestExecutionListener]. Specify custom listener classes or make the default listener classes (and their required dependencies) available. Offending class: [javax/servlet/ServletContext]
[INFO ] 2017-12-22 14:21:23,005 method:org.springframework.test.context.support.AbstractTestContextBootstrapper.getTestExecutionListeners(AbstractTestContextBootstrapper.java:182)
Using TestExecutionListeners: [org.springframework.test.context.support.DependencyInjectionTestExecutionListener@36f0f1be, org.springframework.test.context.support.DirtiesContextTestExecutionListener@157632c9, org.springframework.test.context.transaction.TransactionalTestExecutionListener@6ee12bac, org.springframework.test.context.jdbc.SqlScriptsTestExecutionListener@55040f2f]
[INFO ] 2017-12-22 14:21:23,148 method:org.springframework.beans.factory.xml.XmlBeanDefinitionReader.loadBeanDefinitions(XmlBeanDefinitionReader.java:317)
Loading XML bean definitions from class path resource [testApplicationContext-common.xml]
[ERROR] 2017-12-22 14:21:23,150 method:org.springframework.test.context.TestContextManager.prepareTestInstance(TestContextManager.java:215)
Caught exception while allowing TestExecutionListener [org.springframework.test.context.support.DependencyInjectionTestExecutionListener@36f0f1be] to prepare test instance [com.jsdz.test.exchange.marker.MarkerHiberanteImplTest@794cb805]
java.lang.IllegalStateException: Failed to load ApplicationContext
	at org.springframework.test.context.DefaultCacheAwareContextLoaderDelegate.loadContext(DefaultCacheAwareContextLoaderDelegate.java:94)
	at org.springframework.test.context.DefaultTestContext.getApplicationContext(DefaultTestContext.java:72)
	at org.springframework.test.context.support.DependencyInjectionTestExecutionListener.injectDependencies(DependencyInjectionTestExecutionListener.java:117)
	at org.springframework.test.context.support.DependencyInjectionTestExecutionListener.prepareTestInstance(DependencyInjectionTestExecutionListener.java:83)
	at org.springframework.test.context.TestContextManager.prepareTestInstance(TestContextManager.java:212)
	at org.springframework.test.context.junit4.SpringJUnit4ClassRunner.createTest(SpringJUnit4ClassRunner.java:200)
	at org.springframework.test.context.junit4.SpringJUnit4ClassRunner$1.runReflectiveCall(SpringJUnit4ClassRunner.java:259)
	at org.junit.internal.runners.model.ReflectiveCallable.run(ReflectiveCallable.java:15)
	at org.springframework.test.context.junit4.SpringJUnit4ClassRunner.methodBlock(SpringJUnit4ClassRunner.java:261)
	at org.springframework.test.context.junit4.SpringJUnit4ClassRunner.runChild(SpringJUnit4ClassRunner.java:219)
	at org.springframework.test.context.junit4.SpringJUnit4ClassRunner.runChild(SpringJUnit4ClassRunner.java:83)
	at org.junit.runners.ParentRunner$3.run(ParentRunner.java:231)
	at org.junit.runners.ParentRunner$1.schedule(ParentRunner.java:60)
	at org.junit.runners.ParentRunner.runChildren(ParentRunner.java:229)
	at org.junit.runners.ParentRunner.access$000(ParentRunner.java:50)
	at org.junit.runners.ParentRunner$2.evaluate(ParentRunner.java:222)
	at org.springframework.test.context.junit4.statements.RunBeforeTestClassCallbacks.evaluate(RunBeforeTestClassCallbacks.java:61)
	at org.springframework.test.context.junit4.statements.RunAfterTestClassCallbacks.evaluate(RunAfterTestClassCallbacks.java:68)
	at org.junit.runners.ParentRunner.run(ParentRunner.java:300)
	at org.springframework.test.context.junit4.SpringJUnit4ClassRunner.run(SpringJUnit4ClassRunner.java:163)
	at org.eclipse.jdt.internal.junit4.runner.JUnit4TestReference.run(JUnit4TestReference.java:86)
	at org.eclipse.jdt.internal.junit.runner.TestExecution.run(TestExecution.java:38)
	at org.eclipse.jdt.internal.junit.runner.RemoteTestRunner.runTests(RemoteTestRunner.java:459)
	at org.eclipse.jdt.internal.junit.runner.RemoteTestRunner.runTests(RemoteTestRunner.java:675)
	at org.eclipse.jdt.internal.junit.runner.RemoteTestRunner.run(RemoteTestRunner.java:382)
	at org.eclipse.jdt.internal.junit.runner.RemoteTestRunner.main(RemoteTestRunner.java:192)
Caused by: org.springframework.beans.factory.BeanDefinitionStoreException: IOException parsing XML document from class path resource [testApplicationContext-common.xml]; nested exception is java.io.FileNotFoundException: class path resource [testApplicationContext-common.xml] cannot be opened because it does not exist
	at org.springframework.beans.factory.xml.XmlBeanDefinitionReader.loadBeanDefinitions(XmlBeanDefinitionReader.java:344)
	at org.springframework.beans.factory.xml.XmlBeanDefinitionReader.loadBeanDefinitions(XmlBeanDefinitionReader.java:304)
	at org.springframework.beans.factory.support.AbstractBeanDefinitionReader.loadBeanDefinitions(AbstractBeanDefinitionReader.java:181)
	at org.springframework.beans.factory.support.AbstractBeanDefinitionReader.loadBeanDefinitions(AbstractBeanDefinitionReader.java:217)
	at org.springframework.beans.factory.support.AbstractBeanDefinitionReader.loadBeanDefinitions(AbstractBeanDefinitionReader.java:188)
	at org.springframework.beans.factory.support.AbstractBeanDefinitionReader.loadBeanDefinitions(AbstractBeanDefinitionReader.java:252)
	at org.springframework.test.context.support.AbstractGenericContextLoader.loadBeanDefinitions(AbstractGenericContextLoader.java:253)
	at org.springframework.test.context.support.AbstractGenericContextLoader.loadContext(AbstractGenericContextLoader.java:122)
	at org.springframework.test.context.support.AbstractGenericContextLoader.loadContext(AbstractGenericContextLoader.java:60)
	at org.springframework.test.context.support.AbstractDelegatingSmartContextLoader.delegateLoading(AbstractDelegatingSmartContextLoader.java:109)
	at org.springframework.test.context.support.AbstractDelegatingSmartContextLoader.loadContext(AbstractDelegatingSmartContextLoader.java:261)
	at org.springframework.test.context.DefaultCacheAwareContextLoaderDelegate.loadContextInternal(DefaultCacheAwareContextLoaderDelegate.java:68)
	at org.springframework.test.context.DefaultCacheAwareContextLoaderDelegate.loadContext(DefaultCacheAwareContextLoaderDelegate.java:86)
	... 25 more
Caused by: java.io.FileNotFoundException: class path resource [testApplicationContext-common.xml] cannot be opened because it does not exist
	at org.springframework.core.io.ClassPathResource.getInputStream(ClassPathResource.java:172)
	at org.springframework.beans.factory.xml.XmlBeanDefinitionReader.loadBeanDefinitions(XmlBeanDefinitionReader.java:330)
	... 37 more
[INFO ] 2017-12-22 14:40:23,251 method:org.springframework.test.context.support.AbstractTestContextBootstrapper.getDefaultTestExecutionListenerClassNames(AbstractTestContextBootstrapper.java:256)
Loaded default TestExecutionListener class names from location [META-INF/spring.factories]: [org.springframework.test.context.web.ServletTestExecutionListener, org.springframework.test.context.support.DependencyInjectionTestExecutionListener, org.springframework.test.context.support.DirtiesContextTestExecutionListener, org.springframework.test.context.transaction.TransactionalTestExecutionListener, org.springframework.test.context.jdbc.SqlScriptsTestExecutionListener]
[INFO ] 2017-12-22 14:40:23,265 method:org.springframework.test.context.support.AbstractTestContextBootstrapper.instantiateListeners(AbstractTestContextBootstrapper.java:204)
Could not instantiate TestExecutionListener [org.springframework.test.context.web.ServletTestExecutionListener]. Specify custom listener classes or make the default listener classes (and their required dependencies) available. Offending class: [javax/servlet/ServletContext]
[INFO ] 2017-12-22 14:40:23,267 method:org.springframework.test.context.support.AbstractTestContextBootstrapper.getTestExecutionListeners(AbstractTestContextBootstrapper.java:182)
Using TestExecutionListeners: [org.springframework.test.context.support.DependencyInjectionTestExecutionListener@36f0f1be, org.springframework.test.context.support.DirtiesContextTestExecutionListener@157632c9, org.springframework.test.context.transaction.TransactionalTestExecutionListener@6ee12bac, org.springframework.test.context.jdbc.SqlScriptsTestExecutionListener@55040f2f]
[INFO ] 2017-12-22 14:40:23,363 method:org.springframework.beans.factory.xml.XmlBeanDefinitionReader.loadBeanDefinitions(XmlBeanDefinitionReader.java:317)
Loading XML bean definitions from class path resource [testApplicationContext-common.xml]
[INFO ] 2017-12-22 14:40:23,732 method:org.springframework.context.support.AbstractApplicationContext.prepareRefresh(AbstractApplicationContext.java:510)
Refreshing org.springframework.context.support.GenericApplicationContext@48e4374: startup date [Fri Dec 22 14:40:23 CST 2017]; root of context hierarchy
[INFO ] 2017-12-22 14:40:23,898 method:org.springframework.core.io.support.PropertiesLoaderSupport.loadProperties(PropertiesLoaderSupport.java:172)
Loading properties file from class path resource [test-config.properties]
[INFO ] 2017-12-22 14:40:24,015 method:com.mchange.v2.log.slf4j.Slf4jMLog$Slf4jMLogger$InfoLogger.log(Slf4jMLog.java:212)
MLog clients using slf4j logging.
[INFO ] 2017-12-22 14:40:24,632 method:com.mchange.v2.log.slf4j.Slf4jMLog$Slf4jMLogger$InfoLogger.log(Slf4jMLog.java:212)
Initializing c3p0-0.9.5.2 [built 08-December-2015 22:06:04 -0800; debug? true; trace: 10]
[INFO ] 2017-12-22 14:40:24,919 method:org.hibernate.annotations.common.Version.<clinit>(Version.java:37)
Hibernate Commons Annotations 3.2.0.Final
[INFO ] 2017-12-22 14:40:24,924 method:org.hibernate.cfg.Environment.<clinit>(Environment.java:603)
Hibernate 3.6.10.Final
[INFO ] 2017-12-22 14:40:24,925 method:org.hibernate.cfg.Environment.<clinit>(Environment.java:636)
hibernate.properties not found
[INFO ] 2017-12-22 14:40:24,928 method:org.hibernate.cfg.Environment.buildBytecodeProvider(Environment.java:814)
Bytecode provider name : javassist
[INFO ] 2017-12-22 14:40:24,931 method:org.hibernate.cfg.Environment.<clinit>(Environment.java:695)
using JDK 1.4 java.sql.Timestamp handling
[INFO ] 2017-12-22 14:40:24,980 method:org.hibernate.cfg.Configuration.configure(Configuration.java:2192)
configuring from url: file:/D:/work/%e5%b9%b3%e5%8f%b0/exchange/exchange-marker/target/test-classes/test-hibernate.cfg.xml
[WARN ] 2017-12-22 14:40:25,060 method:org.hibernate.util.DTDEntityResolver.resolveEntity(DTDEntityResolver.java:73)
recognized obsolete hibernate namespace http://hibernate.sourceforge.net/. Use namespace http://www.hibernate.org/dtd/ instead. Refer to Hibernate 3.6 Migration Guide!
[INFO ] 2017-12-22 14:40:25,085 method:org.hibernate.cfg.Configuration.addResource(Configuration.java:789)
Reading mappings from resource : com/jsdz/exchange/marker/impl/hbm/Marker.hbm.xml
[WARN ] 2017-12-22 14:40:25,089 method:org.hibernate.util.DTDEntityResolver.resolveEntity(DTDEntityResolver.java:73)
recognized obsolete hibernate namespace http://hibernate.sourceforge.net/. Use namespace http://www.hibernate.org/dtd/ instead. Refer to Hibernate 3.6 Migration Guide!
[INFO ] 2017-12-22 14:40:25,106 method:org.hibernate.cfg.Configuration.doConfigure(Configuration.java:2297)
Configured SessionFactory: null
[INFO ] 2017-12-22 14:40:25,147 method:org.hibernate.cfg.HbmBinder.bindRootPersistentClassCommonValues(HbmBinder.java:353)
Mapping class: com.jsdz.exchange.marker.Marker -> T_EXCHANGE_MARKER
[INFO ] 2017-12-22 14:40:32,098 method:org.springframework.test.context.support.AbstractTestContextBootstrapper.getDefaultTestExecutionListenerClassNames(AbstractTestContextBootstrapper.java:256)
Loaded default TestExecutionListener class names from location [META-INF/spring.factories]: [org.springframework.test.context.web.ServletTestExecutionListener, org.springframework.test.context.support.DependencyInjectionTestExecutionListener, org.springframework.test.context.support.DirtiesContextTestExecutionListener, org.springframework.test.context.transaction.TransactionalTestExecutionListener, org.springframework.test.context.jdbc.SqlScriptsTestExecutionListener]
[INFO ] 2017-12-22 14:40:32,112 method:org.springframework.test.context.support.AbstractTestContextBootstrapper.instantiateListeners(AbstractTestContextBootstrapper.java:204)
Could not instantiate TestExecutionListener [org.springframework.test.context.web.ServletTestExecutionListener]. Specify custom listener classes or make the default listener classes (and their required dependencies) available. Offending class: [javax/servlet/ServletContext]
[INFO ] 2017-12-22 14:40:32,114 method:org.springframework.test.context.support.AbstractTestContextBootstrapper.getTestExecutionListeners(AbstractTestContextBootstrapper.java:182)
Using TestExecutionListeners: [org.springframework.test.context.support.DependencyInjectionTestExecutionListener@36f0f1be, org.springframework.test.context.support.DirtiesContextTestExecutionListener@157632c9, org.springframework.test.context.transaction.TransactionalTestExecutionListener@6ee12bac, org.springframework.test.context.jdbc.SqlScriptsTestExecutionListener@55040f2f]
[INFO ] 2017-12-22 14:40:32,209 method:org.springframework.beans.factory.xml.XmlBeanDefinitionReader.loadBeanDefinitions(XmlBeanDefinitionReader.java:317)
Loading XML bean definitions from class path resource [testApplicationContext-common.xml]
[INFO ] 2017-12-22 14:40:32,395 method:org.springframework.context.support.AbstractApplicationContext.prepareRefresh(AbstractApplicationContext.java:510)
Refreshing org.springframework.context.support.GenericApplicationContext@48e4374: startup date [Fri Dec 22 14:40:32 CST 2017]; root of context hierarchy
[INFO ] 2017-12-22 14:40:32,476 method:org.springframework.core.io.support.PropertiesLoaderSupport.loadProperties(PropertiesLoaderSupport.java:172)
Loading properties file from class path resource [test-config.properties]
[INFO ] 2017-12-22 14:40:32,536 method:com.mchange.v2.log.slf4j.Slf4jMLog$Slf4jMLogger$InfoLogger.log(Slf4jMLog.java:212)
MLog clients using slf4j logging.
[INFO ] 2017-12-22 14:40:32,711 method:com.mchange.v2.log.slf4j.Slf4jMLog$Slf4jMLogger$InfoLogger.log(Slf4jMLog.java:212)
Initializing c3p0-0.9.5.2 [built 08-December-2015 22:06:04 -0800; debug? true; trace: 10]
[INFO ] 2017-12-22 14:40:32,954 method:org.hibernate.annotations.common.Version.<clinit>(Version.java:37)
Hibernate Commons Annotations 3.2.0.Final
[INFO ] 2017-12-22 14:40:32,958 method:org.hibernate.cfg.Environment.<clinit>(Environment.java:603)
Hibernate 3.6.10.Final
[INFO ] 2017-12-22 14:40:32,959 method:org.hibernate.cfg.Environment.<clinit>(Environment.java:636)
hibernate.properties not found
[INFO ] 2017-12-22 14:40:32,961 method:org.hibernate.cfg.Environment.buildBytecodeProvider(Environment.java:814)
Bytecode provider name : javassist
[INFO ] 2017-12-22 14:40:32,963 method:org.hibernate.cfg.Environment.<clinit>(Environment.java:695)
using JDK 1.4 java.sql.Timestamp handling
[INFO ] 2017-12-22 14:40:33,003 method:org.hibernate.cfg.Configuration.configure(Configuration.java:2192)
configuring from url: file:/D:/work/%e5%b9%b3%e5%8f%b0/exchange/exchange-marker/target/test-classes/test-hibernate.cfg.xml
[WARN ] 2017-12-22 14:40:33,023 method:org.hibernate.util.DTDEntityResolver.resolveEntity(DTDEntityResolver.java:73)
recognized obsolete hibernate namespace http://hibernate.sourceforge.net/. Use namespace http://www.hibernate.org/dtd/ instead. Refer to Hibernate 3.6 Migration Guide!
[INFO ] 2017-12-22 14:40:33,039 method:org.hibernate.cfg.Configuration.addResource(Configuration.java:789)
Reading mappings from resource : com/jsdz/exchange/marker/impl/hbm/Marker.hbm.xml
[WARN ] 2017-12-22 14:40:33,043 method:org.hibernate.util.DTDEntityResolver.resolveEntity(DTDEntityResolver.java:73)
recognized obsolete hibernate namespace http://hibernate.sourceforge.net/. Use namespace http://www.hibernate.org/dtd/ instead. Refer to Hibernate 3.6 Migration Guide!
[INFO ] 2017-12-22 14:40:33,060 method:org.hibernate.cfg.Configuration.doConfigure(Configuration.java:2297)
Configured SessionFactory: null
[INFO ] 2017-12-22 14:40:33,094 method:org.hibernate.cfg.HbmBinder.bindRootPersistentClassCommonValues(HbmBinder.java:353)
Mapping class: com.jsdz.exchange.marker.Marker -> T_EXCHANGE_MARKER
[INFO ] 2017-12-22 14:40:33,110 method:org.hibernate.cfg.Configuration.applyHibernateValidatorLegacyConstraintsOnDDL(Configuration.java:1676)
Hibernate Validator not found: ignoring
[INFO ] 2017-12-22 14:40:33,112 method:org.springframework.orm.hibernate3.LocalSessionFactoryBean.buildSessionFactory(LocalSessionFactoryBean.java:713)
Building new Hibernate SessionFactory
[INFO ] 2017-12-22 14:40:33,115 method:org.hibernate.cfg.search.HibernateSearchEventListenerRegister.enableHibernateSearch(HibernateSearchEventListenerRegister.java:75)
Unable to find org.hibernate.search.event.FullTextIndexEventListener on the classpath. Hibernate Search is not enabled.
[WARN ] 2017-12-22 14:40:33,137 method:org.hibernate.mapping.RootClass.checkCompositeIdentifier(RootClass.java:253)
composite-id class does not override equals(): com.jsdz.exchange.marker.MarkerId
[WARN ] 2017-12-22 14:40:33,137 method:org.hibernate.mapping.RootClass.checkCompositeIdentifier(RootClass.java:258)
composite-id class does not override hashCode(): com.jsdz.exchange.marker.MarkerId
[INFO ] 2017-12-22 14:40:33,139 method:org.hibernate.connection.ConnectionProviderFactory.initializeConnectionProviderFromConfig(ConnectionProviderFactory.java:173)
Initializing connection provider: org.springframework.orm.hibernate3.LocalDataSourceConnectionProvider
[INFO ] 2017-12-22 14:40:33,170 method:com.mchange.v2.log.slf4j.Slf4jMLog$Slf4jMLogger$InfoLogger.log(Slf4jMLog.java:212)
Initializing c3p0 pool... com.mchange.v2.c3p0.ComboPooledDataSource [ acquireIncrement -> 3, acquireRetryAttempts -> 60, acquireRetryDelay -> 1000, autoCommitOnClose -> false, automaticTestTable -> null, breakAfterAcquireFailure -> false, checkoutTimeout -> 0, connectionCustomizerClassName -> null, connectionTesterClassName -> com.mchange.v2.c3p0.impl.DefaultConnectionTester, contextClassLoaderSource -> caller, dataSourceName -> 2s798i9syo3xod1iswqkm|535779e4, debugUnreturnedConnectionStackTraces -> false, description -> null, driverClass -> oracle.jdbc.driver.OracleDriver, extensions -> {}, factoryClassLocation -> null, forceIgnoreUnresolvedTransactions -> false, forceSynchronousCheckins -> false, forceUseNamedDriverClass -> false, identityToken -> 2s798i9syo3xod1iswqkm|535779e4, idleConnectionTestPeriod -> 0, initialPoolSize -> 10, jdbcUrl -> jdbc:oracle:thin:@(DESCRIPTION=(ADDRESS=(PROTOCOL=TCP)(HOST=14.27.130.35)(PORT=1521))(ADDRESS=(PROTOCOL=TCP)(HOST = 14.27.130.36)(PORT = 1521))(LOAD_BALANCE = yes)(CONNECT_DATA =(SERVER = DEDICATED)(SERVICE_NAME = bjjzdb))), maxAdministrativeTaskTime -> 0, maxConnectionAge -> 0, maxIdleTime -> 60, maxIdleTimeExcessConnections -> 0, maxPoolSize -> 30, maxStatements -> 0, maxStatementsPerConnection -> 100, minPoolSize -> 10, numHelperThreads -> 3, preferredTestQuery -> null, privilegeSpawnedThreads -> false, properties -> {user=******, password=******}, propertyCycle -> 0, statementCacheNumDeferredCloseThreads -> 0, testConnectionOnCheckin -> false, testConnectionOnCheckout -> false, unreturnedConnectionTimeout -> 0, userOverrides -> {}, usesTraditionalReflectiveProxies -> false ]
[INFO ] 2017-12-22 14:40:33,805 method:org.hibernate.dialect.Dialect.<init>(Dialect.java:136)
Using dialect: org.hibernate.dialect.MySQLDialect
[INFO ] 2017-12-22 14:40:33,818 method:org.hibernate.cfg.SettingsFactory.buildSettings(SettingsFactory.java:126)
Database ->
       name : Oracle
    version : Oracle Database 11g Enterprise Edition Release 11.2.0.4.0 - 64bit Production
With the Partitioning, Real Application Clusters, Automatic Storage Management, OLAP,
Data Mining and Real Application Testing options
      major : 11
      minor : 2
[INFO ] 2017-12-22 14:40:33,819 method:org.hibernate.cfg.SettingsFactory.buildSettings(SettingsFactory.java:132)
Driver ->
       name : Oracle JDBC driver
    version : 11.2.0.1.0
      major : 11
      minor : 2
[INFO ] 2017-12-22 14:40:33,823 method:org.hibernate.transaction.TransactionFactoryFactory.buildTransactionFactory(TransactionFactoryFactory.java:65)
Transaction strategy: org.springframework.orm.hibernate3.SpringTransactionFactory
[INFO ] 2017-12-22 14:40:33,824 method:org.hibernate.transaction.TransactionManagerLookupFactory.getTransactionManagerLookup(TransactionManagerLookupFactory.java:83)
No TransactionManagerLookup configured (in JTA environment, use of read-write or transactional second-level cache is not recommended)
[INFO ] 2017-12-22 14:40:33,825 method:org.hibernate.cfg.SettingsFactory.buildSettings(SettingsFactory.java:179)
Automatic flush during beforeCompletion(): disabled
[INFO ] 2017-12-22 14:40:33,825 method:org.hibernate.cfg.SettingsFactory.buildSettings(SettingsFactory.java:183)
Automatic session close at end of transaction: disabled
[INFO ] 2017-12-22 14:40:33,825 method:org.hibernate.cfg.SettingsFactory.buildSettings(SettingsFactory.java:190)
JDBC batch size: 30
[INFO ] 2017-12-22 14:40:33,825 method:org.hibernate.cfg.SettingsFactory.buildSettings(SettingsFactory.java:193)
JDBC batch updates for versioned data: disabled
[INFO ] 2017-12-22 14:40:33,826 method:org.hibernate.cfg.SettingsFactory.buildSettings(SettingsFactory.java:198)
Scrollable result sets: enabled
[INFO ] 2017-12-22 14:40:33,827 method:org.hibernate.cfg.SettingsFactory.buildSettings(SettingsFactory.java:206)
JDBC3 getGeneratedKeys(): enabled
[INFO ] 2017-12-22 14:40:33,827 method:org.hibernate.cfg.SettingsFactory.buildSettings(SettingsFactory.java:210)
JDBC result set fetch size: 50
[INFO ] 2017-12-22 14:40:33,827 method:org.hibernate.cfg.SettingsFactory.buildSettings(SettingsFactory.java:214)
Connection release mode: auto
[INFO ] 2017-12-22 14:40:33,828 method:org.hibernate.cfg.SettingsFactory.buildSettings(SettingsFactory.java:238)
Maximum outer join fetch depth: 2
[INFO ] 2017-12-22 14:40:33,828 method:org.hibernate.cfg.SettingsFactory.buildSettings(SettingsFactory.java:241)
Default batch fetch size: 1
[INFO ] 2017-12-22 14:40:33,829 method:org.hibernate.cfg.SettingsFactory.buildSettings(SettingsFactory.java:245)
Generate SQL with comments: enabled
[INFO ] 2017-12-22 14:40:33,829 method:org.hibernate.cfg.SettingsFactory.buildSettings(SettingsFactory.java:249)
Order SQL updates by primary key: disabled
[INFO ] 2017-12-22 14:40:33,829 method:org.hibernate.cfg.SettingsFactory.buildSettings(SettingsFactory.java:253)
Order SQL inserts for batching: disabled
[INFO ] 2017-12-22 14:40:33,829 method:org.hibernate.cfg.SettingsFactory.createQueryTranslatorFactory(SettingsFactory.java:431)
Query translator: org.hibernate.hql.ast.ASTQueryTranslatorFactory
[INFO ] 2017-12-22 14:40:33,832 method:org.hibernate.hql.ast.ASTQueryTranslatorFactory.<init>(ASTQueryTranslatorFactory.java:47)
Using ASTQueryTranslatorFactory
[INFO ] 2017-12-22 14:40:33,832 method:org.hibernate.cfg.SettingsFactory.buildSettings(SettingsFactory.java:261)
Query language substitutions: {}
[INFO ] 2017-12-22 14:40:33,832 method:org.hibernate.cfg.SettingsFactory.buildSettings(SettingsFactory.java:266)
JPA-QL strict compliance: disabled
[INFO ] 2017-12-22 14:40:33,833 method:org.hibernate.cfg.SettingsFactory.buildSettings(SettingsFactory.java:271)
Second-level cache: enabled
[INFO ] 2017-12-22 14:40:33,833 method:org.hibernate.cfg.SettingsFactory.buildSettings(SettingsFactory.java:275)
Query cache: disabled
[INFO ] 2017-12-22 14:40:33,833 method:org.hibernate.cfg.SettingsFactory.createRegionFactory(SettingsFactory.java:406)
Cache region factory : org.hibernate.cache.impl.NoCachingRegionFactory
[INFO ] 2017-12-22 14:40:33,834 method:org.hibernate.cfg.SettingsFactory.buildSettings(SettingsFactory.java:285)
Optimize cache for minimal puts: disabled
[INFO ] 2017-12-22 14:40:33,834 method:org.hibernate.cfg.SettingsFactory.buildSettings(SettingsFactory.java:294)
Structured second-level cache entries: disabled
[INFO ] 2017-12-22 14:40:33,837 method:org.hibernate.cfg.SettingsFactory.buildSettings(SettingsFactory.java:314)
Echoing all SQL to stdout
[INFO ] 2017-12-22 14:40:33,838 method:org.hibernate.cfg.SettingsFactory.buildSettings(SettingsFactory.java:323)
Statistics: disabled
[INFO ] 2017-12-22 14:40:33,838 method:org.hibernate.cfg.SettingsFactory.buildSettings(SettingsFactory.java:327)
Deleted entity synthetic identifier rollback: disabled
[INFO ] 2017-12-22 14:40:33,839 method:org.hibernate.cfg.SettingsFactory.buildSettings(SettingsFactory.java:343)
Default entity-mode: pojo
[INFO ] 2017-12-22 14:40:33,839 method:org.hibernate.cfg.SettingsFactory.buildSettings(SettingsFactory.java:347)
Named query checking : enabled
[INFO ] 2017-12-22 14:40:33,839 method:org.hibernate.cfg.SettingsFactory.buildSettings(SettingsFactory.java:351)
Check Nullability in Core (should be disabled when Bean Validation is on): enabled
[INFO ] 2017-12-22 14:40:33,869 method:org.hibernate.impl.SessionFactoryImpl.<init>(SessionFactoryImpl.java:202)
building session factory
[INFO ] 2017-12-22 14:40:33,875 method:org.hibernate.type.BasicTypeRegistry.register(BasicTypeRegistry.java:150)
Type registration [wrapper_materialized_blob] overrides previous : org.hibernate.type.WrappedMaterializedBlobType@423e4cbb
[INFO ] 2017-12-22 14:40:33,875 method:org.hibernate.type.BasicTypeRegistry.register(BasicTypeRegistry.java:150)
Type registration [clob] overrides previous : org.hibernate.type.ClobType@625e134e
[INFO ] 2017-12-22 14:40:33,875 method:org.hibernate.type.BasicTypeRegistry.register(BasicTypeRegistry.java:150)
Type registration [java.sql.Clob] overrides previous : org.hibernate.type.ClobType@625e134e
[INFO ] 2017-12-22 14:40:33,875 method:org.hibernate.type.BasicTypeRegistry.register(BasicTypeRegistry.java:150)
Type registration [materialized_blob] overrides previous : org.hibernate.type.MaterializedBlobType@7e242b4d
[INFO ] 2017-12-22 14:40:33,876 method:org.hibernate.type.BasicTypeRegistry.register(BasicTypeRegistry.java:150)
Type registration [blob] overrides previous : org.hibernate.type.BlobType@410ae9a3
[INFO ] 2017-12-22 14:40:33,876 method:org.hibernate.type.BasicTypeRegistry.register(BasicTypeRegistry.java:150)
Type registration [java.sql.Blob] overrides previous : org.hibernate.type.BlobType@410ae9a3
[INFO ] 2017-12-22 14:40:33,876 method:org.hibernate.type.BasicTypeRegistry.register(BasicTypeRegistry.java:150)
Type registration [wrapper_characters_clob] overrides previous : org.hibernate.type.CharacterArrayClobType@1a1da881
[INFO ] 2017-12-22 14:40:33,876 method:org.hibernate.type.BasicTypeRegistry.register(BasicTypeRegistry.java:150)
Type registration [materialized_clob] overrides previous : org.hibernate.type.MaterializedClobType@4fe89c24
[INFO ] 2017-12-22 14:40:33,877 method:org.hibernate.type.BasicTypeRegistry.register(BasicTypeRegistry.java:150)
Type registration [characters_clob] overrides previous : org.hibernate.type.PrimitiveCharacterArrayClobType@6175619b
[INFO ] 2017-12-22 14:40:34,039 method:org.hibernate.impl.SessionFactoryObjectFactory.addInstance(SessionFactoryObjectFactory.java:105)
Not binding factory to JNDI, no JNDI name configured
[ERROR] 2017-12-22 14:40:34,090 method:org.springframework.test.context.TestContextManager.prepareTestInstance(TestContextManager.java:215)
Caught exception while allowing TestExecutionListener [org.springframework.test.context.support.DependencyInjectionTestExecutionListener@36f0f1be] to prepare test instance [com.jsdz.test.exchange.marker.MarkerHiberanteImplTest@794cb805]
org.springframework.beans.factory.BeanCreationException: Error creating bean with name 'com.jsdz.test.exchange.marker.MarkerHiberanteImplTest': Injection of autowired dependencies failed; nested exception is org.springframework.beans.factory.BeanCreationException: Could not autowire field: private com.jsdz.exchange.marker.Mark com.jsdz.test.exchange.marker.MarkerHiberanteImplTest.mark; nested exception is org.springframework.beans.factory.NoSuchBeanDefinitionException: No qualifying bean of type [com.jsdz.exchange.marker.Mark] found for dependency: expected at least 1 bean which qualifies as autowire candidate for this dependency. Dependency annotations: {@org.springframework.beans.factory.annotation.Autowired(required=true)}
	at org.springframework.beans.factory.annotation.AutowiredAnnotationBeanPostProcessor.postProcessPropertyValues(AutowiredAnnotationBeanPostProcessor.java:334)
	at org.springframework.beans.factory.support.AbstractAutowireCapableBeanFactory.populateBean(AbstractAutowireCapableBeanFactory.java:1202)
	at org.springframework.beans.factory.support.AbstractAutowireCapableBeanFactory.autowireBeanProperties(AbstractAutowireCapableBeanFactory.java:385)
	at org.springframework.test.context.support.DependencyInjectionTestExecutionListener.injectDependencies(DependencyInjectionTestExecutionListener.java:118)
	at org.springframework.test.context.support.DependencyInjectionTestExecutionListener.prepareTestInstance(DependencyInjectionTestExecutionListener.java:83)
	at org.springframework.test.context.TestContextManager.prepareTestInstance(TestContextManager.java:212)
	at org.springframework.test.context.junit4.SpringJUnit4ClassRunner.createTest(SpringJUnit4ClassRunner.java:200)
	at org.springframework.test.context.junit4.SpringJUnit4ClassRunner$1.runReflectiveCall(SpringJUnit4ClassRunner.java:259)
	at org.junit.internal.runners.model.ReflectiveCallable.run(ReflectiveCallable.java:15)
	at org.springframework.test.context.junit4.SpringJUnit4ClassRunner.methodBlock(SpringJUnit4ClassRunner.java:261)
	at org.springframework.test.context.junit4.SpringJUnit4ClassRunner.runChild(SpringJUnit4ClassRunner.java:219)
	at org.springframework.test.context.junit4.SpringJUnit4ClassRunner.runChild(SpringJUnit4ClassRunner.java:83)
	at org.junit.runners.ParentRunner$3.run(ParentRunner.java:231)
	at org.junit.runners.ParentRunner$1.schedule(ParentRunner.java:60)
	at org.junit.runners.ParentRunner.runChildren(ParentRunner.java:229)
	at org.junit.runners.ParentRunner.access$000(ParentRunner.java:50)
	at org.junit.runners.ParentRunner$2.evaluate(ParentRunner.java:222)
	at org.springframework.test.context.junit4.statements.RunBeforeTestClassCallbacks.evaluate(RunBeforeTestClassCallbacks.java:61)
	at org.springframework.test.context.junit4.statements.RunAfterTestClassCallbacks.evaluate(RunAfterTestClassCallbacks.java:68)
	at org.junit.runners.ParentRunner.run(ParentRunner.java:300)
	at org.springframework.test.context.junit4.SpringJUnit4ClassRunner.run(SpringJUnit4ClassRunner.java:163)
	at org.eclipse.jdt.internal.junit4.runner.JUnit4TestReference.run(JUnit4TestReference.java:86)
	at org.eclipse.jdt.internal.junit.runner.TestExecution.run(TestExecution.java:38)
	at org.eclipse.jdt.internal.junit.runner.RemoteTestRunner.runTests(RemoteTestRunner.java:459)
	at org.eclipse.jdt.internal.junit.runner.RemoteTestRunner.runTests(RemoteTestRunner.java:675)
	at org.eclipse.jdt.internal.junit.runner.RemoteTestRunner.run(RemoteTestRunner.java:382)
	at org.eclipse.jdt.internal.junit.runner.RemoteTestRunner.main(RemoteTestRunner.java:192)
Caused by: org.springframework.beans.factory.BeanCreationException: Could not autowire field: private com.jsdz.exchange.marker.Mark com.jsdz.test.exchange.marker.MarkerHiberanteImplTest.mark; nested exception is org.springframework.beans.factory.NoSuchBeanDefinitionException: No qualifying bean of type [com.jsdz.exchange.marker.Mark] found for dependency: expected at least 1 bean which qualifies as autowire candidate for this dependency. Dependency annotations: {@org.springframework.beans.factory.annotation.Autowired(required=true)}
	at org.springframework.beans.factory.annotation.AutowiredAnnotationBeanPostProcessor$AutowiredFieldElement.inject(AutowiredAnnotationBeanPostProcessor.java:561)
	at org.springframework.beans.factory.annotation.InjectionMetadata.inject(InjectionMetadata.java:88)
	at org.springframework.beans.factory.annotation.AutowiredAnnotationBeanPostProcessor.postProcessPropertyValues(AutowiredAnnotationBeanPostProcessor.java:331)
	... 26 more
Caused by: org.springframework.beans.factory.NoSuchBeanDefinitionException: No qualifying bean of type [com.jsdz.exchange.marker.Mark] found for dependency: expected at least 1 bean which qualifies as autowire candidate for this dependency. Dependency annotations: {@org.springframework.beans.factory.annotation.Autowired(required=true)}
	at org.springframework.beans.factory.support.DefaultListableBeanFactory.raiseNoSuchBeanDefinitionException(DefaultListableBeanFactory.java:1301)
	at org.springframework.beans.factory.support.DefaultListableBeanFactory.doResolveDependency(DefaultListableBeanFactory.java:1047)
	at org.springframework.beans.factory.support.DefaultListableBeanFactory.resolveDependency(DefaultListableBeanFactory.java:942)
	at org.springframework.beans.factory.annotation.AutowiredAnnotationBeanPostProcessor$AutowiredFieldElement.inject(AutowiredAnnotationBeanPostProcessor.java:533)
	... 28 more
[INFO ] 2017-12-22 14:40:34,121 method:org.springframework.context.support.AbstractApplicationContext.doClose(AbstractApplicationContext.java:862)
Closing org.springframework.context.support.GenericApplicationContext@48e4374: startup date [Fri Dec 22 14:40:32 CST 2017]; root of context hierarchy
[INFO ] 2017-12-22 14:40:34,133 method:org.springframework.orm.hibernate3.AbstractSessionFactoryBean.destroy(AbstractSessionFactoryBean.java:225)
Closing Hibernate SessionFactory
[INFO ] 2017-12-22 14:40:34,133 method:org.hibernate.impl.SessionFactoryImpl.close(SessionFactoryImpl.java:927)
closing
[INFO ] 2017-12-22 14:41:21,152 method:org.springframework.test.context.support.AbstractTestContextBootstrapper.getDefaultTestExecutionListenerClassNames(AbstractTestContextBootstrapper.java:256)
Loaded default TestExecutionListener class names from location [META-INF/spring.factories]: [org.springframework.test.context.web.ServletTestExecutionListener, org.springframework.test.context.support.DependencyInjectionTestExecutionListener, org.springframework.test.context.support.DirtiesContextTestExecutionListener, org.springframework.test.context.transaction.TransactionalTestExecutionListener, org.springframework.test.context.jdbc.SqlScriptsTestExecutionListener]
[INFO ] 2017-12-22 14:41:21,168 method:org.springframework.test.context.support.AbstractTestContextBootstrapper.instantiateListeners(AbstractTestContextBootstrapper.java:204)
Could not instantiate TestExecutionListener [org.springframework.test.context.web.ServletTestExecutionListener]. Specify custom listener classes or make the default listener classes (and their required dependencies) available. Offending class: [javax/servlet/ServletContext]
[INFO ] 2017-12-22 14:41:21,170 method:org.springframework.test.context.support.AbstractTestContextBootstrapper.getTestExecutionListeners(AbstractTestContextBootstrapper.java:182)
Using TestExecutionListeners: [org.springframework.test.context.support.DependencyInjectionTestExecutionListener@36f0f1be, org.springframework.test.context.support.DirtiesContextTestExecutionListener@157632c9, org.springframework.test.context.transaction.TransactionalTestExecutionListener@6ee12bac, org.springframework.test.context.jdbc.SqlScriptsTestExecutionListener@55040f2f]
[INFO ] 2017-12-22 14:41:21,277 method:org.springframework.beans.factory.xml.XmlBeanDefinitionReader.loadBeanDefinitions(XmlBeanDefinitionReader.java:317)
Loading XML bean definitions from class path resource [testApplicationContext-common.xml]
[INFO ] 2017-12-22 14:41:21,483 method:org.springframework.beans.factory.xml.XmlBeanDefinitionReader.loadBeanDefinitions(XmlBeanDefinitionReader.java:317)
Loading XML bean definitions from class path resource [testApplicationContext-dao.xml]
[INFO ] 2017-12-22 14:41:21,522 method:org.springframework.context.support.AbstractApplicationContext.prepareRefresh(AbstractApplicationContext.java:510)
Refreshing org.springframework.context.support.GenericApplicationContext@48e4374: startup date [Fri Dec 22 14:41:21 CST 2017]; root of context hierarchy
[INFO ] 2017-12-22 14:41:21,604 method:org.springframework.core.io.support.PropertiesLoaderSupport.loadProperties(PropertiesLoaderSupport.java:172)
Loading properties file from class path resource [test-config.properties]
[INFO ] 2017-12-22 14:41:21,673 method:com.mchange.v2.log.slf4j.Slf4jMLog$Slf4jMLogger$InfoLogger.log(Slf4jMLog.java:212)
MLog clients using slf4j logging.
[INFO ] 2017-12-22 14:41:21,867 method:com.mchange.v2.log.slf4j.Slf4jMLog$Slf4jMLogger$InfoLogger.log(Slf4jMLog.java:212)
Initializing c3p0-0.9.5.2 [built 08-December-2015 22:06:04 -0800; debug? true; trace: 10]
[INFO ] 2017-12-22 14:41:22,079 method:org.hibernate.annotations.common.Version.<clinit>(Version.java:37)
Hibernate Commons Annotations 3.2.0.Final
[INFO ] 2017-12-22 14:41:22,083 method:org.hibernate.cfg.Environment.<clinit>(Environment.java:603)
Hibernate 3.6.10.Final
[INFO ] 2017-12-22 14:41:22,084 method:org.hibernate.cfg.Environment.<clinit>(Environment.java:636)
hibernate.properties not found
[INFO ] 2017-12-22 14:41:22,086 method:org.hibernate.cfg.Environment.buildBytecodeProvider(Environment.java:814)
Bytecode provider name : javassist
[INFO ] 2017-12-22 14:41:22,089 method:org.hibernate.cfg.Environment.<clinit>(Environment.java:695)
using JDK 1.4 java.sql.Timestamp handling
[INFO ] 2017-12-22 14:41:22,127 method:org.hibernate.cfg.Configuration.configure(Configuration.java:2192)
configuring from url: file:/D:/work/%e5%b9%b3%e5%8f%b0/exchange/exchange-marker/target/test-classes/test-hibernate.cfg.xml
[WARN ] 2017-12-22 14:41:22,149 method:org.hibernate.util.DTDEntityResolver.resolveEntity(DTDEntityResolver.java:73)
recognized obsolete hibernate namespace http://hibernate.sourceforge.net/. Use namespace http://www.hibernate.org/dtd/ instead. Refer to Hibernate 3.6 Migration Guide!
[INFO ] 2017-12-22 14:41:22,164 method:org.hibernate.cfg.Configuration.addResource(Configuration.java:789)
Reading mappings from resource : com/jsdz/exchange/marker/impl/hbm/Marker.hbm.xml
[WARN ] 2017-12-22 14:41:22,167 method:org.hibernate.util.DTDEntityResolver.resolveEntity(DTDEntityResolver.java:73)
recognized obsolete hibernate namespace http://hibernate.sourceforge.net/. Use namespace http://www.hibernate.org/dtd/ instead. Refer to Hibernate 3.6 Migration Guide!
[INFO ] 2017-12-22 14:41:22,189 method:org.hibernate.cfg.Configuration.doConfigure(Configuration.java:2297)
Configured SessionFactory: null
[INFO ] 2017-12-22 14:41:22,222 method:org.hibernate.cfg.HbmBinder.bindRootPersistentClassCommonValues(HbmBinder.java:353)
Mapping class: com.jsdz.exchange.marker.Marker -> T_EXCHANGE_MARKER
[INFO ] 2017-12-22 14:41:22,238 method:org.hibernate.cfg.Configuration.applyHibernateValidatorLegacyConstraintsOnDDL(Configuration.java:1676)
Hibernate Validator not found: ignoring
[INFO ] 2017-12-22 14:41:22,240 method:org.springframework.orm.hibernate3.LocalSessionFactoryBean.buildSessionFactory(LocalSessionFactoryBean.java:713)
Building new Hibernate SessionFactory
[INFO ] 2017-12-22 14:41:22,243 method:org.hibernate.cfg.search.HibernateSearchEventListenerRegister.enableHibernateSearch(HibernateSearchEventListenerRegister.java:75)
Unable to find org.hibernate.search.event.FullTextIndexEventListener on the classpath. Hibernate Search is not enabled.
[WARN ] 2017-12-22 14:41:22,262 method:org.hibernate.mapping.RootClass.checkCompositeIdentifier(RootClass.java:253)
composite-id class does not override equals(): com.jsdz.exchange.marker.MarkerId
[WARN ] 2017-12-22 14:41:22,263 method:org.hibernate.mapping.RootClass.checkCompositeIdentifier(RootClass.java:258)
composite-id class does not override hashCode(): com.jsdz.exchange.marker.MarkerId
[INFO ] 2017-12-22 14:41:22,264 method:org.hibernate.connection.ConnectionProviderFactory.initializeConnectionProviderFromConfig(ConnectionProviderFactory.java:173)
Initializing connection provider: org.springframework.orm.hibernate3.LocalDataSourceConnectionProvider
[INFO ] 2017-12-22 14:41:22,292 method:com.mchange.v2.log.slf4j.Slf4jMLog$Slf4jMLogger$InfoLogger.log(Slf4jMLog.java:212)
Initializing c3p0 pool... com.mchange.v2.c3p0.ComboPooledDataSource [ acquireIncrement -> 3, acquireRetryAttempts -> 60, acquireRetryDelay -> 1000, autoCommitOnClose -> false, automaticTestTable -> null, breakAfterAcquireFailure -> false, checkoutTimeout -> 0, connectionCustomizerClassName -> null, connectionTesterClassName -> com.mchange.v2.c3p0.impl.DefaultConnectionTester, contextClassLoaderSource -> caller, dataSourceName -> 2s798i9syo4zla1szrawc|6155d082, debugUnreturnedConnectionStackTraces -> false, description -> null, driverClass -> oracle.jdbc.driver.OracleDriver, extensions -> {}, factoryClassLocation -> null, forceIgnoreUnresolvedTransactions -> false, forceSynchronousCheckins -> false, forceUseNamedDriverClass -> false, identityToken -> 2s798i9syo4zla1szrawc|6155d082, idleConnectionTestPeriod -> 0, initialPoolSize -> 10, jdbcUrl -> jdbc:oracle:thin:@(DESCRIPTION=(ADDRESS=(PROTOCOL=TCP)(HOST=14.27.130.35)(PORT=1521))(ADDRESS=(PROTOCOL=TCP)(HOST = 14.27.130.36)(PORT = 1521))(LOAD_BALANCE = yes)(CONNECT_DATA =(SERVER = DEDICATED)(SERVICE_NAME = bjjzdb))), maxAdministrativeTaskTime -> 0, maxConnectionAge -> 0, maxIdleTime -> 60, maxIdleTimeExcessConnections -> 0, maxPoolSize -> 30, maxStatements -> 0, maxStatementsPerConnection -> 100, minPoolSize -> 10, numHelperThreads -> 3, preferredTestQuery -> null, privilegeSpawnedThreads -> false, properties -> {user=******, password=******}, propertyCycle -> 0, statementCacheNumDeferredCloseThreads -> 0, testConnectionOnCheckin -> false, testConnectionOnCheckout -> false, unreturnedConnectionTimeout -> 0, userOverrides -> {}, usesTraditionalReflectiveProxies -> false ]
[INFO ] 2017-12-22 14:41:22,747 method:org.hibernate.dialect.Dialect.<init>(Dialect.java:136)
Using dialect: org.hibernate.dialect.MySQLDialect
[INFO ] 2017-12-22 14:41:22,759 method:org.hibernate.cfg.SettingsFactory.buildSettings(SettingsFactory.java:126)
Database ->
       name : Oracle
    version : Oracle Database 11g Enterprise Edition Release 11.2.0.4.0 - 64bit Production
With the Partitioning, Real Application Clusters, Automatic Storage Management, OLAP,
Data Mining and Real Application Testing options
      major : 11
      minor : 2
[INFO ] 2017-12-22 14:41:22,759 method:org.hibernate.cfg.SettingsFactory.buildSettings(SettingsFactory.java:132)
Driver ->
       name : Oracle JDBC driver
    version : 11.2.0.1.0
      major : 11
      minor : 2
[INFO ] 2017-12-22 14:41:22,762 method:org.hibernate.transaction.TransactionFactoryFactory.buildTransactionFactory(TransactionFactoryFactory.java:65)
Transaction strategy: org.springframework.orm.hibernate3.SpringTransactionFactory
[INFO ] 2017-12-22 14:41:22,763 method:org.hibernate.transaction.TransactionManagerLookupFactory.getTransactionManagerLookup(TransactionManagerLookupFactory.java:83)
No TransactionManagerLookup configured (in JTA environment, use of read-write or transactional second-level cache is not recommended)
[INFO ] 2017-12-22 14:41:22,763 method:org.hibernate.cfg.SettingsFactory.buildSettings(SettingsFactory.java:179)
Automatic flush during beforeCompletion(): disabled
[INFO ] 2017-12-22 14:41:22,764 method:org.hibernate.cfg.SettingsFactory.buildSettings(SettingsFactory.java:183)
Automatic session close at end of transaction: disabled
[INFO ] 2017-12-22 14:41:22,764 method:org.hibernate.cfg.SettingsFactory.buildSettings(SettingsFactory.java:190)
JDBC batch size: 30
[INFO ] 2017-12-22 14:41:22,764 method:org.hibernate.cfg.SettingsFactory.buildSettings(SettingsFactory.java:193)
JDBC batch updates for versioned data: disabled
[INFO ] 2017-12-22 14:41:22,765 method:org.hibernate.cfg.SettingsFactory.buildSettings(SettingsFactory.java:198)
Scrollable result sets: enabled
[INFO ] 2017-12-22 14:41:22,765 method:org.hibernate.cfg.SettingsFactory.buildSettings(SettingsFactory.java:206)
JDBC3 getGeneratedKeys(): enabled
[INFO ] 2017-12-22 14:41:22,765 method:org.hibernate.cfg.SettingsFactory.buildSettings(SettingsFactory.java:210)
JDBC result set fetch size: 50
[INFO ] 2017-12-22 14:41:22,765 method:org.hibernate.cfg.SettingsFactory.buildSettings(SettingsFactory.java:214)
Connection release mode: auto
[INFO ] 2017-12-22 14:41:22,766 method:org.hibernate.cfg.SettingsFactory.buildSettings(SettingsFactory.java:238)
Maximum outer join fetch depth: 2
[INFO ] 2017-12-22 14:41:22,766 method:org.hibernate.cfg.SettingsFactory.buildSettings(SettingsFactory.java:241)
Default batch fetch size: 1
[INFO ] 2017-12-22 14:41:22,766 method:org.hibernate.cfg.SettingsFactory.buildSettings(SettingsFactory.java:245)
Generate SQL with comments: enabled
[INFO ] 2017-12-22 14:41:22,767 method:org.hibernate.cfg.SettingsFactory.buildSettings(SettingsFactory.java:249)
Order SQL updates by primary key: disabled
[INFO ] 2017-12-22 14:41:22,767 method:org.hibernate.cfg.SettingsFactory.buildSettings(SettingsFactory.java:253)
Order SQL inserts for batching: disabled
[INFO ] 2017-12-22 14:41:22,767 method:org.hibernate.cfg.SettingsFactory.createQueryTranslatorFactory(SettingsFactory.java:431)
Query translator: org.hibernate.hql.ast.ASTQueryTranslatorFactory
[INFO ] 2017-12-22 14:41:22,768 method:org.hibernate.hql.ast.ASTQueryTranslatorFactory.<init>(ASTQueryTranslatorFactory.java:47)
Using ASTQueryTranslatorFactory
[INFO ] 2017-12-22 14:41:22,769 method:org.hibernate.cfg.SettingsFactory.buildSettings(SettingsFactory.java:261)
Query language substitutions: {}
[INFO ] 2017-12-22 14:41:22,769 method:org.hibernate.cfg.SettingsFactory.buildSettings(SettingsFactory.java:266)
JPA-QL strict compliance: disabled
[INFO ] 2017-12-22 14:41:22,769 method:org.hibernate.cfg.SettingsFactory.buildSettings(SettingsFactory.java:271)
Second-level cache: enabled
[INFO ] 2017-12-22 14:41:22,769 method:org.hibernate.cfg.SettingsFactory.buildSettings(SettingsFactory.java:275)
Query cache: disabled
[INFO ] 2017-12-22 14:41:22,770 method:org.hibernate.cfg.SettingsFactory.createRegionFactory(SettingsFactory.java:406)
Cache region factory : org.hibernate.cache.impl.NoCachingRegionFactory
[INFO ] 2017-12-22 14:41:22,770 method:org.hibernate.cfg.SettingsFactory.buildSettings(SettingsFactory.java:285)
Optimize cache for minimal puts: disabled
[INFO ] 2017-12-22 14:41:22,771 method:org.hibernate.cfg.SettingsFactory.buildSettings(SettingsFactory.java:294)
Structured second-level cache entries: disabled
[INFO ] 2017-12-22 14:41:22,775 method:org.hibernate.cfg.SettingsFactory.buildSettings(SettingsFactory.java:314)
Echoing all SQL to stdout
[INFO ] 2017-12-22 14:41:22,776 method:org.hibernate.cfg.SettingsFactory.buildSettings(SettingsFactory.java:323)
Statistics: disabled
[INFO ] 2017-12-22 14:41:22,776 method:org.hibernate.cfg.SettingsFactory.buildSettings(SettingsFactory.java:327)
Deleted entity synthetic identifier rollback: disabled
[INFO ] 2017-12-22 14:41:22,777 method:org.hibernate.cfg.SettingsFactory.buildSettings(SettingsFactory.java:343)
Default entity-mode: pojo
[INFO ] 2017-12-22 14:41:22,777 method:org.hibernate.cfg.SettingsFactory.buildSettings(SettingsFactory.java:347)
Named query checking : enabled
[INFO ] 2017-12-22 14:41:22,777 method:org.hibernate.cfg.SettingsFactory.buildSettings(SettingsFactory.java:351)
Check Nullability in Core (should be disabled when Bean Validation is on): enabled
[INFO ] 2017-12-22 14:41:22,791 method:org.hibernate.impl.SessionFactoryImpl.<init>(SessionFactoryImpl.java:202)
building session factory
[INFO ] 2017-12-22 14:41:22,796 method:org.hibernate.type.BasicTypeRegistry.register(BasicTypeRegistry.java:150)
Type registration [wrapper_materialized_blob] overrides previous : org.hibernate.type.WrappedMaterializedBlobType@649725e3
[INFO ] 2017-12-22 14:41:22,797 method:org.hibernate.type.BasicTypeRegistry.register(BasicTypeRegistry.java:150)
Type registration [clob] overrides previous : org.hibernate.type.ClobType@3f2ef586
[INFO ] 2017-12-22 14:41:22,797 method:org.hibernate.type.BasicTypeRegistry.register(BasicTypeRegistry.java:150)
Type registration [java.sql.Clob] overrides previous : org.hibernate.type.ClobType@3f2ef586
[INFO ] 2017-12-22 14:41:22,797 method:org.hibernate.type.BasicTypeRegistry.register(BasicTypeRegistry.java:150)
Type registration [wrapper_characters_clob] overrides previous : org.hibernate.type.CharacterArrayClobType@611df6e3
[INFO ] 2017-12-22 14:41:22,797 method:org.hibernate.type.BasicTypeRegistry.register(BasicTypeRegistry.java:150)
Type registration [materialized_clob] overrides previous : org.hibernate.type.MaterializedClobType@2cf92cc7
[INFO ] 2017-12-22 14:41:22,798 method:org.hibernate.type.BasicTypeRegistry.register(BasicTypeRegistry.java:150)
Type registration [blob] overrides previous : org.hibernate.type.BlobType@6256ac4f
[INFO ] 2017-12-22 14:41:22,798 method:org.hibernate.type.BasicTypeRegistry.register(BasicTypeRegistry.java:150)
Type registration [java.sql.Blob] overrides previous : org.hibernate.type.BlobType@6256ac4f
[INFO ] 2017-12-22 14:41:22,798 method:org.hibernate.type.BasicTypeRegistry.register(BasicTypeRegistry.java:150)
Type registration [characters_clob] overrides previous : org.hibernate.type.PrimitiveCharacterArrayClobType@53e211ee
[INFO ] 2017-12-22 14:41:22,798 method:org.hibernate.type.BasicTypeRegistry.register(BasicTypeRegistry.java:150)
Type registration [materialized_blob] overrides previous : org.hibernate.type.MaterializedBlobType@743cb8e0
[INFO ] 2017-12-22 14:41:22,908 method:org.hibernate.impl.SessionFactoryObjectFactory.addInstance(SessionFactoryObjectFactory.java:105)
Not binding factory to JNDI, no JNDI name configured
[INFO ] 2017-12-22 14:41:43,332 method:org.springframework.context.support.AbstractApplicationContext.doClose(AbstractApplicationContext.java:862)
Closing org.springframework.context.support.GenericApplicationContext@48e4374: startup date [Fri Dec 22 14:41:21 CST 2017]; root of context hierarchy
[INFO ] 2017-12-22 14:41:43,341 method:org.springframework.orm.hibernate3.AbstractSessionFactoryBean.destroy(AbstractSessionFactoryBean.java:225)
Closing Hibernate SessionFactory
[INFO ] 2017-12-22 14:41:43,342 method:org.hibernate.impl.SessionFactoryImpl.close(SessionFactoryImpl.java:927)
closing
